<?xml version="1.0" encoding="UTF-8"?>
<!-- Generated by org.testng.reporters.JUnitReportReporter -->
<testsuite hostname="LAPTOP-QAQ7I9GF" failures="0" tests="1" name="TestCases.VerifySignup" time="41.814" errors="0" timestamp="2024-05-28T15:24:03 IST" skipped="0">
  <testcase classname="TestCases.VerifySignup" name="signup" time="41.814"/>
</testsuite> <!-- TestCases.VerifySignup -->
